1694872223418	geckodriver	INFO	Listening on 127.0.0.1:54000
1694872226470	mozrunner::runner	INFO	Running command: "C:\\Program Files\\Mozilla Firefox\\firefox.exe" "--marionette" "--remote-debugging-port" "54001" "--remote-allow-hosts" "localhost" "-no-remote" "-profile" "C:\\Users\\003L24~1\\AppData\\Local\\Temp\\rust_mozprofile482KW2"
console.error: Enterprise Policies: 
  Unknown policy: FlashPlugin
console.warn: services.settings: Ignoring preference override of remote settings server
console.warn: services.settings: Allow by setting MOZ_REMOTE_SETTINGS_DEVTOOLS=1 in the environment
1694872226741	Marionette	INFO	Marionette enabled
Dynamically enable window occlusion 0
1694872226831	Marionette	INFO	Listening on port 54014
WebDriver BiDi listening on ws://127.0.0.1:54001
Read port: 54014
1694872227029	RemoteAgent	WARN	TLS certificate errors will be ignored for this session
DevTools listening on ws://127.0.0.1:54001/devtools/browser/cf04055b-fe1b-4f2f-8bbd-c24fe0195d70
console.warn: LoginRecipes: "Falling back to a synchronous message for: http://alchemy.hguy.co:8080."
console.warn: LoginRecipes: "Falling back to a synchronous message for: http://alchemy.hguy.co:8080."
1694872234653	Marionette	INFO	Stopped listening on port 54014
Dynamically enable window occlusion 1
JavaScript error: http://alchemy.hguy.co:8080/orangehrm/symfony/web/webres_5d69118beeec64.10301452/js/jquery/jquery-1.7.2.min.js line 2 > eval, line 10: ReferenceError: visualizePieChart is not defined
1694872283450	geckodriver	INFO	Listening on 127.0.0.1:53291
1694872286501	mozrunner::runner	INFO	Running command: "C:\\Program Files\\Mozilla Firefox\\firefox.exe" "--marionette" "--remote-debugging-port" "53292" "--remote-allow-hosts" "localhost" "-no-remote" "-profile" "C:\\Users\\003L24~1\\AppData\\Local\\Temp\\rust_mozprofileYOfkPO"
console.error: Enterprise Policies: 
  Unknown policy: FlashPlugin
console.warn: services.settings: Ignoring preference override of remote settings server
console.warn: services.settings: Allow by setting MOZ_REMOTE_SETTINGS_DEVTOOLS=1 in the environment
1694872286781	Marionette	INFO	Marionette enabled
Dynamically enable window occlusion 0
1694872286871	Marionette	INFO	Listening on port 53303
WebDriver BiDi listening on ws://127.0.0.1:53292
Read port: 53303
1694872287084	RemoteAgent	WARN	TLS certificate errors will be ignored for this session
DevTools listening on ws://127.0.0.1:53292/devtools/browser/db75f66f-f640-454d-9c76-cd7d7db27a7c
console.warn: LoginRecipes: "Falling back to a synchronous message for: http://alchemy.hguy.co:8080."
console.warn: LoginRecipes: "Falling back to a synchronous message for: http://alchemy.hguy.co:8080."
1694872293592	Marionette	INFO	Stopped listening on port 53303
Dynamically enable window occlusion 1
JavaScript error: http://alchemy.hguy.co:8080/orangehrm/symfony/web/webres_5d69118beeec64.10301452/js/jquery/jquery-1.7.2.min.js line 2 > eval, line 10: ReferenceError: visualizePieChart is not defined
1694872467473	geckodriver	INFO	Listening on 127.0.0.1:53438
1694872470557	mozrunner::runner	INFO	Running command: "C:\\Program Files\\Mozilla Firefox\\firefox.exe" "--marionette" "--remote-debugging-port" "53439" "--remote-allow-hosts" "localhost" "-no-remote" "-profile" "C:\\Users\\003L24~1\\AppData\\Local\\Temp\\rust_mozprofilevpQyL6"
console.error: Enterprise Policies: 
  Unknown policy: FlashPlugin
console.warn: services.settings: Ignoring preference override of remote settings server
console.warn: services.settings: Allow by setting MOZ_REMOTE_SETTINGS_DEVTOOLS=1 in the environment
1694872470828	Marionette	INFO	Marionette enabled
Dynamically enable window occlusion 0
1694872470945	Marionette	INFO	Listening on port 53447
WebDriver BiDi listening on ws://127.0.0.1:53439
Read port: 53447
1694872471142	RemoteAgent	WARN	TLS certificate errors will be ignored for this session
DevTools listening on ws://127.0.0.1:53439/devtools/browser/debaa2ed-3807-4445-8ee2-3d6692b7a470
console.warn: LoginRecipes: "Falling back to a synchronous message for: http://alchemy.hguy.co:8080."
console.warn: LoginRecipes: "Falling back to a synchronous message for: http://alchemy.hguy.co:8080."
1694872475308	Marionette	WARN	TimedPromise timed out after 500 ms: stacktrace:
TimedPromise/<@chrome://remote/content/marionette/sync.sys.mjs:219:24
TimedPromise@chrome://remote/content/marionette/sync.sys.mjs:203:10
interaction.flushEventLoop@chrome://remote/content/marionette/interaction.sys.mjs:429:10
webdriverClickElement@chrome://remote/content/marionette/interaction.sys.mjs:178:31
send@http://alchemy.hguy.co:8080/orangehrm/symfony/web/webres_5d69118beeec64.10301452/js/jquery/jquery-1.7.2.min.js:4:17879
ajax@http://alchemy.hguy.co:8080/orangehrm/symfony/web/webres_5d69118beeec64.10301452/js/jquery/jquery-1.7.2.min.js:4:15044
domManip/<@http://alchemy.hguy.co:8080/orangehrm/symfony/web/webres_5d69118beeec64.10301452/js/jquery/jquery-1.7.2.min.js:4:2470
each@http://alchemy.hguy.co:8080/orangehrm/symfony/web/webres_5d69118beeec64.10301452/js/jquery/jquery-1.7.2.min.js:2:11776
domManip@http://alchemy.hguy.co:8080/orangehrm/symfony/web/webres_5d69118beeec64.10301452/js/jquery/jquery-1.7.2.min.js:4:2441
append@http://alchemy.hguy.co:8080/orangehrm/symfony/web/webres_5d69118beeec64.10301452/js/jquery/jquery-1.7.2.min.js:3:32408
html/<@http://alchemy.hguy.co:8080/orangehrm/symfony/web/webres_5d69118beeec64.10301452/js/jquery/jquery-1.7.2.min.js:4:1283
access@http://alchemy.hguy.co:8080/orangehrm/symfony/web/webres_5d69118beeec64.10301452/js/jquery/jquery-1.7.2.min.js:2:13266
html@http://alchemy.hguy.co:8080/orangehrm/symfony/web/webres_5d69118beeec64.10301452/js/jquery/jquery-1.7.2.min.js:4:876
success@http://alchemy.hguy.co:8080/orangehrm/symfony/web/index.php/dashboard:983:36
o@http://alchemy.hguy.co:8080/orangehrm/symfony/web/webres_5d69118beeec64.10301452/js/jquery/jquery-1.7.2.min.js:2:14733
fireWith@http://alchemy.hguy.co:8080/orangehrm/symfony/web/webres_5d69118beeec64.10301452/js/jquery/jquery-1.7.2.min.js:2:15502
w@http://alchemy.hguy.co:8080/orangehrm/symfony/web/webres_5d69118beeec64.10301452/js/jquery/jquery-1.7.2.min.js:4:12472
d@http://alchemy.hguy.co:8080/orangehrm/symfony/web/webres_5d69118beeec64.10301452/js/jquery/jquery-1.7.2.min.js:4:18318
1694873621434	Marionette	INFO	Stopped listening on port 53447
Dynamically enable window occlusion 1
ng command: "C:\\Program Files\\Mozilla Firefox\\firefox.exe" "--marionette" "--remote-debugging-port" "52860" "--remote-allow-hosts" "localhost" "-no-remote" "-profile" "C:\\Users\\003L24~1\\AppData\\Local\\Temp\\rust_mozprofileAxg2ZY"
console.error: Enterprise Policies: 
  Unknown policy: FlashPlugin
console.warn: services.settings: Ignoring preference override of remote settings server
console.warn: services.settings: Allow by setting MOZ_REMOTE_SETTINGS_DEVTOOLS=1 in the environment
1694872600021	Marionette	INFO	Marionette enabled
Dynamically enable window occlusion 0
1694872600109	Marionette	INFO	Listening on port 52868
WebDriver BiDi listening on ws://127.0.0.1:52860
Read port: 52868
1694872600311	RemoteAgent	WARN	TLS certificate errors will be ignored for this session
DevTools listening on ws://127.0.0.1:52860/devtools/browser/8f69a698-6c33-4091-b310-f62fc456660c
console.warn: LoginRecipes: "Falling back to a synchronous message for: http://alchemy.hguy.co:8080."
console.warn: LoginRecipes: "Falling back to a synchronous message for: http://alchemy.hguy.co:8080."
1694872604793	Marionette	WARN	TimedPromise timed out after 500 ms: stacktrace:
TimedPromise/<@chrome://remote/content/marionette/sync.sys.mjs:219:24
TimedPromise@chrome://remote/content/marionette/sync.sys.mjs:203:10
interaction.flushEventLoop@chrome://remote/content/marionette/interaction.sys.mjs:429:10
webdriverClickElement@chrome://remote/content/marionette/interaction.sys.mjs:178:31
send@http://alchemy.hguy.co:8080/orangehrm/symfony/web/webres_5d69118beeec64.10301452/js/jquery/jquery-1.7.2.min.js:4:17879
ajax@http://alchemy.hguy.co:8080/orangehrm/symfony/web/webres_5d69118beeec64.10301452/js/jquery/jquery-1.7.2.min.js:4:15044
domManip/<@http://alchemy.hguy.co:8080/orangehrm/symfony/web/webres_5d69118beeec64.10301452/js/jquery/jquery-1.7.2.min.js:4:2470
each@http://alchemy.hguy.co:8080/orangehrm/symfony/web/webres_5d69118beeec64.10301452/js/jquery/jquery-1.7.2.min.js:2:11776
domManip@http://alchemy.hguy.co:8080/orangehrm/symfony/web/webres_5d69118beeec64.10301452/js/jquery/jquery-1.7.2.min.js:4:2441
append@http://alchemy.hguy.co:8080/orangehrm/symfony/web/webres_5d69118beeec64.10301452/js/jquery/jquery-1.7.2.min.js:3:32408
html/<@http://alchemy.hguy.co:8080/orangehrm/symfony/web/webres_5d69118beeec64.10301452/js/jquery/jquery-1.7.2.min.js:4:1283
access@http://alchemy.hguy.co:8080/orangehrm/symfony/web/webres_5d69118beeec64.10301452/js/jquery/jquery-1.7.2.min.js:2:13266
html@http://alchemy.hguy.co:8080/orangehrm/symfony/web/webres_5d69118beeec64.10301452/js/jquery/jquery-1.7.2.min.js:4:876
success@http://alchemy.hguy.co:8080/orangehrm/symfony/web/index.php/dashboard:983:36
o@http://alchemy.hguy.co:8080/orangehrm/symfony/web/webres_5d69118beeec64.10301452/js/jquery/jquery-1.7.2.min.js:2:14733
fireWith@http://alchemy.hguy.co:8080/orangehrm/symfony/web/webres_5d69118beeec64.10301452/js/jquery/jquery-1.7.2.min.js:2:15502
w@http://alchemy.hguy.co:8080/orangehrm/symfony/web/webres_5d69118beeec64.10301452/js/jquery/jquery-1.7.2.min.js:4:12472
d@http://alchemy.hguy.co:8080/orangehrm/symfony/web/webres_5d69118beeec64.10301452/js/jquery/jquery-1.7.2.min.js:4:18318
1694872638059	Marionette	INFO	Stopped listening on port 52868
Dynamically enable window occlusion 1
